<?xml version="1.0" encoding="UTF-8"?>
<!-- Generated by org.testng.reporters.JUnitReportReporter -->
<testsuite hostname="DESKTOP-DHGH5S5" failures="0" tests="1" name="TestCases.TC01" time="4.333" errors="0" timestamp="2024-09-02T01:47:09 IST" skipped="0">
  <testcase classname="TestCases.TC01" name="validLogin" time="4.333"/>
  <system-out/>
</testsuite> <!-- TestCases.TC01 -->
